Using pre-set license
Built from '2022.3/staging' branch; Version is '2022.3.25f1 (530ae0ba3889) revision 5442272'; Using compiler version '192829333'; Build Type 'Release'
OS: 'Windows 11  (10.0.22623) 64bit Professional' Language: 'ru' Physical Memory: 16214 MB
BatchMode: 1, IsHumanControllingUs: 0, StartBugReporterOnCrash: 0, Is64bit: 1, IsPro: 1

COMMAND LINE ARGUMENTS:
C:\Program Files\Unity\Hub\Editor\2022.3.25f1\Editor\Unity.exe
-adb2
-batchMode
-noUpm
-name
AssetImportWorker1
-projectPath
D:/MyGames/Tir
-logFile
Logs/AssetImportWorker1.log
-srvPort
54038
Successfully changed project path to: D:/MyGames/Tir
D:/MyGames/Tir
[UnityMemory] Configuration Parameters - Can be set up in boot.config
    "memorysetup-bucket-allocator-granularity=16"
    "memorysetup-bucket-allocator-bucket-count=8"
    "memorysetup-bucket-allocator-block-size=33554432"
    "memorysetup-bucket-allocator-block-count=8"
    "memorysetup-main-allocator-block-size=16777216"
    "memorysetup-thread-allocator-block-size=16777216"
    "memorysetup-gfx-main-allocator-block-size=16777216"
    "memorysetup-gfx-thread-allocator-block-size=16777216"
    "memorysetup-cache-allocator-block-size=4194304"
    "memorysetup-typetree-allocator-block-size=2097152"
    "memorysetup-profiler-bucket-allocator-granularity=16"
    "memorysetup-profiler-bucket-allocator-bucket-count=8"
    "memorysetup-profiler-bucket-allocator-block-size=33554432"
    "memorysetup-profiler-bucket-allocator-block-count=8"
    "memorysetup-profiler-allocator-block-size=16777216"
    "memorysetup-profiler-editor-allocator-block-size=1048576"
    "memorysetup-temp-allocator-size-main=16777216"
    "memorysetup-job-temp-allocator-block-size=2097152"
    "memorysetup-job-temp-allocator-block-size-background=1048576"
    "memorysetup-job-temp-allocator-reduction-small-platforms=262144"
    "memorysetup-allocator-temp-initial-block-size-main=262144"
    "memorysetup-allocator-temp-initial-block-size-worker=262144"
    "memorysetup-temp-allocator-size-background-worker=32768"
    "memorysetup-temp-allocator-size-job-worker=262144"
    "memorysetup-temp-allocator-size-preload-manager=33554432"
    "memorysetup-temp-allocator-size-nav-mesh-worker=65536"
    "memorysetup-temp-allocator-size-audio-worker=65536"
    "memorysetup-temp-allocator-size-cloud-worker=32768"
    "memorysetup-temp-allocator-size-gi-baking-worker=262144"
    "memorysetup-temp-allocator-size-gfx=262144"
Player connection [4656] Host "[IP] 192.168.0.12 [Port] 0 [Flags] 2 [Guid] 929001144 [EditorId] 929001144 [Version] 1048832 [Id] WindowsEditor(7,HOME-PC) [Debug] 1 [PackageName] WindowsEditor [ProjectName] Editor" joined multi-casting on [225.0.0.222:54997]...

Player connection [4656] Host "[IP] 192.168.0.12 [Port] 0 [Flags] 2 [Guid] 929001144 [EditorId] 929001144 [Version] 1048832 [Id] WindowsEditor(7,HOME-PC) [Debug] 1 [PackageName] WindowsEditor [ProjectName] Editor" joined alternative multi-casting on [225.0.0.222:34997]...

[Physics::Module] Initialized MultithreadedJobDispatcher with 11 workers.
Refreshing native plugins compatible for Editor in 3.08 ms, found 3 plugins.
Preloading 0 native plugins for Editor in 0.00 ms.
Initialize engine version: 2022.3.25f1 (530ae0ba3889)
[Subsystems] Discovering subsystems at path C:/Program Files/Unity/Hub/Editor/2022.3.25f1/Editor/Data/Resources/UnitySubsystems
[Subsystems] Discovering subsystems at path D:/MyGames/Tir/Assets
GfxDevice: creating device client; threaded=0; jobified=0
Direct3D:
    Version:  Direct3D 11.0 [level 11.1]
    Renderer: NVIDIA GeForce GTX 1660 SUPER (ID=0x21c4)
    Vendor:   NVIDIA
    VRAM:     5966 MB
    Driver:   32.0.15.7260
Initialize mono
Mono path[0] = 'C:/Program Files/Unity/Hub/Editor/2022.3.25f1/Editor/Data/Managed'
Mono path[1] = 'C:/Program Files/Unity/Hub/Editor/2022.3.25f1/Editor/Data/MonoBleedingEdge/lib/mono/unityjit-win32'
Mono config path = 'C:/Program Files/Unity/Hub/Editor/2022.3.25f1/Editor/Data/MonoBleedingEdge/etc'
Using monoOptions --debugger-agent=transport=dt_socket,embedding=1,server=y,suspend=n,address=127.0.0.1:56380
Begin MonoManager ReloadAssembly
Registering precompiled unity dll's ...
Register platform support module: C:/Program Files/Unity/Hub/Editor/2022.3.25f1/Editor/Data/PlaybackEngines/WebGLSupport/UnityEditor.WebGL.Extensions.dll
Register platform support module: C:/Program Files/Unity/Hub/Editor/2022.3.25f1/Editor/Data/PlaybackEngines/WindowsStandaloneSupport/UnityEditor.WindowsStandalone.Extensions.dll
Registered in 0.004712 seconds.
- Loaded All Assemblies, in  0.318 seconds
Native extension for WindowsStandalone target not found
Native extension for WebGL target not found
Mono: successfully reloaded assembly
- Finished resetting the current domain, in  0.246 seconds
Domain Reload Profiling: 564ms
	BeginReloadAssembly (98ms)
		ExecutionOrderSort (0ms)
		DisableScriptedObjects (0ms)
		BackupInstance (0ms)
		ReleaseScriptingObjects (0ms)
		CreateAndSetChildDomain (1ms)
	RebuildCommonClasses (34ms)
	RebuildNativeTypeToScriptingClass (8ms)
	initialDomainReloadingComplete (46ms)
	LoadAllAssembliesAndSetupDomain (131ms)
		LoadAssemblies (97ms)
		RebuildTransferFunctionScriptingTraits (0ms)
		AnalyzeDomain (129ms)
			TypeCache.Refresh (128ms)
				TypeCache.ScanAssembly (116ms)
			ScanForSourceGeneratedMonoScriptInfo (0ms)
			ResolveRequiredComponents (1ms)
	FinalizeReload (247ms)
		ReleaseScriptCaches (0ms)
		RebuildScriptCaches (0ms)
		SetupLoadedEditorAssemblies (195ms)
			LogAssemblyErrors (0ms)
			InitializePlatformSupportModulesInManaged (10ms)
			SetLoadedEditorAssemblies (6ms)
			RefreshPlugins (0ms)
			BeforeProcessingInitializeOnLoad (2ms)
			ProcessInitializeOnLoadAttributes (134ms)
			ProcessInitializeOnLoadMethodAttributes (42ms)
			AfterProcessingInitializeOnLoad (0ms)
			EditorAssembliesLoaded (0ms)
		ExecutionOrderSort2 (0ms)
		AwakeInstancesAfterBackupRestoration (0ms)
========================================================================
Worker process is ready to serve import requests
Begin MonoManager ReloadAssembly
- Loaded All Assemblies, in  0.491 seconds
Refreshing native plugins compatible for Editor in 1.35 ms, found 3 plugins.
Native extension for WindowsStandalone target not found
Native extension for WebGL target not found
Mono: successfully reloaded assembly
- Finished resetting the current domain, in  0.471 seconds
Domain Reload Profiling: 962ms
	BeginReloadAssembly (118ms)
		ExecutionOrderSort (0ms)
		DisableScriptedObjects (5ms)
		BackupInstance (0ms)
		ReleaseScriptingObjects (0ms)
		CreateAndSetChildDomain (16ms)
	RebuildCommonClasses (30ms)
	RebuildNativeTypeToScriptingClass (8ms)
	initialDomainReloadingComplete (36ms)
	LoadAllAssembliesAndSetupDomain (299ms)
		LoadAssemblies (219ms)
		RebuildTransferFunctionScriptingTraits (0ms)
		AnalyzeDomain (147ms)
			TypeCache.Refresh (129ms)
				TypeCache.ScanAssembly (118ms)
			ScanForSourceGeneratedMonoScriptInfo (13ms)
			ResolveRequiredComponents (4ms)
	FinalizeReload (472ms)
		ReleaseScriptCaches (0ms)
		RebuildScriptCaches (0ms)
		SetupLoadedEditorAssemblies (340ms)
			LogAssemblyErrors (0ms)
			InitializePlatformSupportModulesInManaged (6ms)
			SetLoadedEditorAssemblies (4ms)
			RefreshPlugins (0ms)
			BeforeProcessingInitializeOnLoad (48ms)
			ProcessInitializeOnLoadAttributes (261ms)
			ProcessInitializeOnLoadMethodAttributes (17ms)
			AfterProcessingInitializeOnLoad (4ms)
			EditorAssembliesLoaded (0ms)
		ExecutionOrderSort2 (0ms)
		AwakeInstancesAfterBackupRestoration (5ms)
Launched and connected shader compiler UnityShaderCompiler.exe after 0.04 seconds
Refreshing native plugins compatible for Editor in 1.44 ms, found 3 plugins.
Preloading 0 native plugins for Editor in 0.00 ms.
Unloading 3131 Unused Serialized files (Serialized files now loaded: 0)
Unloading 33 unused Assets / (56.9 KB). Loaded Objects now: 3592.
Memory consumption went from 122.0 MB to 121.9 MB.
Total: 2.123300 ms (FindLiveObjects: 0.182200 ms CreateObjectMapping: 0.076200 ms MarkObjects: 1.777300 ms  DeleteObjects: 0.086800 ms)

AssetImportParameters requested are different than current active one (requested -> active):
  custom:container-demuxer-ogg: 62fdf1f143b41e24485cea50d1cbac27 -> 
  custom:video-decoder-ogg-theora: a1e56fd34408186e4bbccfd4996cb3dc -> 
  custom:framework-win-MediaFoundation: 216162199b28c13a410421893ffa2e32 -> 
  custom:CustomObjectIndexerAttribute: 9a22284fe3817be447336de3de66b15e -> 
  custom:container-demuxer-webm: 4f35f7cbe854078d1ac9338744f61a02 -> 
  custom:container-muxer-webm: aa71ff27fc2769a1b78a27578f13a17b -> 
  custom:video-decoder-webm-vp8: 9c59270c3fd7afecdb556c50c9e8de78 -> 
  custom:SearchIndexIgnoredProperties: e643bd26f0fe6173181afceb89e7c659 -> 
  custom:AudioImporter_EditorPlatform: d09bf68614088b80899f8185d706f6e7 -> 
  custom:video-encoder-webm-vp8: eb34c28f22e8b96e1ab97ce403110664 -> 
  custom:audio-decoder-ogg-vorbis: bf7c407c2cedff20999df2af8eb42d56 -> 
  custom:audio-encoder-webm-vorbis: bf7c407c2cedff20999df2af8eb42d56 -> 
========================================================================
Received Import Request.
  Time since last request: 89256.160195 seconds.
  path: Assets/Prefabs/FlashPrefab.prefab
  artifactKey: Guid(b01040d97cb98e0468f8aaf0425acc70) Importer(815301076,1909f56bfc062723c751e8b465ee728b)
Start importing Assets/Prefabs/FlashPrefab.prefab using Guid(b01040d97cb98e0468f8aaf0425acc70) Importer(815301076,1909f56bfc062723c751e8b465ee728b)  -> (artifact id: 'fa07084f765e3e1bf18fb5a6708d41fa') in 0.117987 seconds
Number of updated asset objects reloaded before import = 0
Number of asset objects unloaded after import = 16
========================================================================
Received Import Request.
  Time since last request: 28.028538 seconds.
  path: Assets/Materials/CrosshairMat.mat
  artifactKey: Guid(4bf860a22868dc04f9856033c3eaefa2) Importer(815301076,1909f56bfc062723c751e8b465ee728b)
Start importing Assets/Materials/CrosshairMat.mat using Guid(4bf860a22868dc04f9856033c3eaefa2) Importer(815301076,1909f56bfc062723c751e8b465ee728b)  -> (artifact id: '241b100c4cfb7c5921c460316518c0d9') in 0.065130 seconds
Number of updated asset objects reloaded before import = 0
Number of asset objects unloaded after import = 2
========================================================================
Received Import Request.
  Time since last request: 0.000018 seconds.
  path: Assets/Materials/SideWallMat.mat
  artifactKey: Guid(056b53362efb0174684dc4f1fc19da62) Importer(815301076,1909f56bfc062723c751e8b465ee728b)
Start importing Assets/Materials/SideWallMat.mat using Guid(056b53362efb0174684dc4f1fc19da62) Importer(815301076,1909f56bfc062723c751e8b465ee728b)  -> (artifact id: 'a5bdf3f3c956c1f52ed34dd6047fb2e7') in 0.009764 seconds
Number of updated asset objects reloaded before import = 0
Number of asset objects unloaded after import = 2
========================================================================
Received Import Request.
  Time since last request: 3.827488 seconds.
  path: Assets/Materials/Textures/crosshair.png
  artifactKey: Guid(1604cb9d8f54db04385d3110cf612887) Importer(815301076,1909f56bfc062723c751e8b465ee728b)
Start importing Assets/Materials/Textures/crosshair.png using Guid(1604cb9d8f54db04385d3110cf612887) Importer(815301076,1909f56bfc062723c751e8b465ee728b)  -> (artifact id: '2ac6ef8d6d11739a374b79547aa3f195') in 0.022757 seconds
Number of updated asset objects reloaded before import = 0
Number of asset objects unloaded after import = 2
========================================================================
Received Import Request.
  Time since last request: 0.000015 seconds.
  path: Assets/Materials/Textures/muzzle-flash.png
  artifactKey: Guid(0c54827d870a4dd4482d94a9539f1e9e) Importer(815301076,1909f56bfc062723c751e8b465ee728b)
Start importing Assets/Materials/Textures/muzzle-flash.png using Guid(0c54827d870a4dd4482d94a9539f1e9e) Importer(815301076,1909f56bfc062723c751e8b465ee728b)  -> (artifact id: 'fe50b14e3b9f986845cfee34a406934d') in 0.031551 seconds
Number of updated asset objects reloaded before import = 0
Number of asset objects unloaded after import = 3
========================================================================
Received Import Request.
  Time since last request: 0.000012 seconds.
  path: Assets/Materials/Textures/shabby-damaged-white-brick-wall.jpg
  artifactKey: Guid(f322067ef4ccd144bbb5f15619d9b6b9) Importer(815301076,1909f56bfc062723c751e8b465ee728b)
Start importing Assets/Materials/Textures/shabby-damaged-white-brick-wall.jpg using Guid(f322067ef4ccd144bbb5f15619d9b6b9) Importer(815301076,1909f56bfc062723c751e8b465ee728b)  -> (artifact id: '2b57c1aae77e664ee30ad6193317548d') in 0.012359 seconds
Number of updated asset objects reloaded before import = 0
Number of asset objects unloaded after import = 2
========================================================================
Received Import Request.
  Time since last request: 0.000012 seconds.
  path: Assets/Materials/Textures/panels.jpg
  artifactKey: Guid(981b92d2364fc1145a14a238c7da5f96) Importer(815301076,1909f56bfc062723c751e8b465ee728b)
Start importing Assets/Materials/Textures/panels.jpg using Guid(981b92d2364fc1145a14a238c7da5f96) Importer(815301076,1909f56bfc062723c751e8b465ee728b)  -> (artifact id: '78619fafadbfeb90941b65f3f6cf8116') in 0.007300 seconds
Number of updated asset objects reloaded before import = 0
Number of asset objects unloaded after import = 2
========================================================================
Received Import Request.
  Time since last request: 275.877951 seconds.
  path: Assets/Materials/Materials/door.mat
  artifactKey: Guid(94f23c4ce667c064aa482862c4343cef) Importer(815301076,1909f56bfc062723c751e8b465ee728b)
Start importing Assets/Materials/Materials/door.mat using Guid(94f23c4ce667c064aa482862c4343cef) Importer(815301076,1909f56bfc062723c751e8b465ee728b)  -> (artifact id: '367d28b3ba42cbd8b5042f289ea4c54a') in 0.009562 seconds
Number of updated asset objects reloaded before import = 0
Number of asset objects unloaded after import = 2
========================================================================
Received Import Request.
  Time since last request: 318.947900 seconds.
  path: Assets/Materials/Materials/panels.mat
  artifactKey: Guid(e4eaf98334e3e7f4eb201e9352ae51c9) Importer(815301076,1909f56bfc062723c751e8b465ee728b)
Start importing Assets/Materials/Materials/panels.mat using Guid(e4eaf98334e3e7f4eb201e9352ae51c9) Importer(815301076,1909f56bfc062723c751e8b465ee728b)  -> (artifact id: '2614adb2e92b47a567597ff85fdf1657') in 0.145382 seconds
Number of updated asset objects reloaded before import = 0
Number of asset objects unloaded after import = 2
========================================================================
Received Import Request.
  Time since last request: 553.920465 seconds.
  path: Assets/Materials/Textures/Textures/concrete-1.jpg
  artifactKey: Guid(5b8aabf6e298a374da028f09183e6fda) Importer(815301076,1909f56bfc062723c751e8b465ee728b)
Start importing Assets/Materials/Textures/Textures/concrete-1.jpg using Guid(5b8aabf6e298a374da028f09183e6fda) Importer(815301076,1909f56bfc062723c751e8b465ee728b)  -> (artifact id: 'c8fac7dfbc07a7e7cb7dcf549b0a8984') in 0.010460 seconds
Number of updated asset objects reloaded before import = 0
Number of asset objects unloaded after import = 2
========================================================================
Received Import Request.
  Time since last request: 0.005331 seconds.
  path: Assets/Materials/Textures/Textures/crosshair.png
  artifactKey: Guid(47fb9c3992c9c5a489488d0498914e9f) Importer(815301076,1909f56bfc062723c751e8b465ee728b)
Start importing Assets/Materials/Textures/Textures/crosshair.png using Guid(47fb9c3992c9c5a489488d0498914e9f) Importer(815301076,1909f56bfc062723c751e8b465ee728b)  -> (artifact id: '66e373cba7e9af9df4668000f0e225ea') in 0.005098 seconds
Number of updated asset objects reloaded before import = 0
Number of asset objects unloaded after import = 2
========================================================================
Received Import Request.
  Time since last request: 0.000013 seconds.
  path: Assets/Materials/Textures/Textures/shabby-damaged-white-brick-wall.jpg
  artifactKey: Guid(4c4aa9d7e5822904ca20d8c6fce904c7) Importer(815301076,1909f56bfc062723c751e8b465ee728b)
Start importing Assets/Materials/Textures/Textures/shabby-damaged-white-brick-wall.jpg using Guid(4c4aa9d7e5822904ca20d8c6fce904c7) Importer(815301076,1909f56bfc062723c751e8b465ee728b)  -> (artifact id: '87e2459146b911fd4bb24055ba2c0a14') in 0.006467 seconds
Number of updated asset objects reloaded before import = 0
Number of asset objects unloaded after import = 2
========================================================================
Received Import Request.
  Time since last request: 0.000018 seconds.
  path: Assets/Materials/Textures/Textures/muzzle-flash.png
  artifactKey: Guid(3468d46717ae1e84ba742c734aef9532) Importer(815301076,1909f56bfc062723c751e8b465ee728b)
Start importing Assets/Materials/Textures/Textures/muzzle-flash.png using Guid(3468d46717ae1e84ba742c734aef9532) Importer(815301076,1909f56bfc062723c751e8b465ee728b)  -> (artifact id: 'd4b904cd5af737d9d90613b34a95f0e9') in 0.005953 seconds
Number of updated asset objects reloaded before import = 0
Number of asset objects unloaded after import = 3
========================================================================
Received Import Request.
  Time since last request: 0.000017 seconds.
  path: Assets/Materials/Textures/Textures/panels.jpg
  artifactKey: Guid(22ec098aabcb3674388de61e7196bc41) Importer(815301076,1909f56bfc062723c751e8b465ee728b)
Start importing Assets/Materials/Textures/Textures/panels.jpg using Guid(22ec098aabcb3674388de61e7196bc41) Importer(815301076,1909f56bfc062723c751e8b465ee728b)  -> (artifact id: 'f168972f9351236b5c7abd266d0c29ef') in 0.004533 seconds
Number of updated asset objects reloaded before import = 0
Number of asset objects unloaded after import = 2
========================================================================
Received Import Request.
  Time since last request: 32.660382 seconds.
  path: Assets/Materials/Textures/Textures/Textures/concrete-1.jpg
  artifactKey: Guid(72189d2abcc36bc4e82f70fb4cfc761a) Importer(815301076,1909f56bfc062723c751e8b465ee728b)
Start importing Assets/Materials/Textures/Textures/Textures/concrete-1.jpg using Guid(72189d2abcc36bc4e82f70fb4cfc761a) Importer(815301076,1909f56bfc062723c751e8b465ee728b)  -> (artifact id: 'c3c78a30e77c74840fe9be478979d66f') in 0.010276 seconds
Number of updated asset objects reloaded before import = 0
Number of asset objects unloaded after import = 2
========================================================================
Received Import Request.
  Time since last request: 0.000138 seconds.
  path: Assets/Materials/Textures/Textures/Textures/shabby-damaged-white-brick-wall.jpg
  artifactKey: Guid(13790cbd9c5ef604fa3fe60e15565422) Importer(815301076,1909f56bfc062723c751e8b465ee728b)
Start importing Assets/Materials/Textures/Textures/Textures/shabby-damaged-white-brick-wall.jpg using Guid(13790cbd9c5ef604fa3fe60e15565422) Importer(815301076,1909f56bfc062723c751e8b465ee728b)  -> (artifact id: 'd75a3ebd142f7717c9ef50c394235644') in 0.018135 seconds
Number of updated asset objects reloaded before import = 0
Number of asset objects unloaded after import = 2
========================================================================
Received Import Request.
  Time since last request: 0.000016 seconds.
  path: Assets/Materials/Textures/Textures/Textures/huecos-de-bala-scaled.jpg
  artifactKey: Guid(45e1d526f3b7576408d81c82f5d5b020) Importer(815301076,1909f56bfc062723c751e8b465ee728b)
Start importing Assets/Materials/Textures/Textures/Textures/huecos-de-bala-scaled.jpg using Guid(45e1d526f3b7576408d81c82f5d5b020) Importer(815301076,1909f56bfc062723c751e8b465ee728b)  -> (artifact id: '2135212c49628c2a5978874c4e34a42b') in 0.017683 seconds
Number of updated asset objects reloaded before import = 0
Number of asset objects unloaded after import = 2
========================================================================
Received Import Request.
  Time since last request: 0.000025 seconds.
  path: Assets/Materials/Textures/Textures/Textures/door.jpg
  artifactKey: Guid(03e6f07a0972c544fbc7ea749122d6f0) Importer(815301076,1909f56bfc062723c751e8b465ee728b)
Start importing Assets/Materials/Textures/Textures/Textures/door.jpg using Guid(03e6f07a0972c544fbc7ea749122d6f0) Importer(815301076,1909f56bfc062723c751e8b465ee728b)  -> (artifact id: 'b51a6d7e6035ceab20ad6bd4cbefb48f') in 0.011785 seconds
Number of updated asset objects reloaded before import = 0
Number of asset objects unloaded after import = 2
========================================================================
Received Import Request.
  Time since last request: 0.000015 seconds.
  path: Assets/Materials/Textures/Textures/Textures/panels.jpg
  artifactKey: Guid(30fb76e91dcc8e0429be08517bf584f7) Importer(815301076,1909f56bfc062723c751e8b465ee728b)
Start importing Assets/Materials/Textures/Textures/Textures/panels.jpg using Guid(30fb76e91dcc8e0429be08517bf584f7) Importer(815301076,1909f56bfc062723c751e8b465ee728b)  -> (artifact id: '5a13b7525c916d6db1194f267fb2e08e') in 0.017785 seconds
Number of updated asset objects reloaded before import = 0
Number of asset objects unloaded after import = 2
========================================================================
Received Import Request.
  Time since last request: 1.174250 seconds.
  path: Assets/Materials/Textures/Textures/Textures/Textures/concrete-1.jpg
  artifactKey: Guid(6af3c8b589da5db4e9ba1a5f1232ba33) Importer(815301076,1909f56bfc062723c751e8b465ee728b)
Start importing Assets/Materials/Textures/Textures/Textures/Textures/concrete-1.jpg using Guid(6af3c8b589da5db4e9ba1a5f1232ba33) Importer(815301076,1909f56bfc062723c751e8b465ee728b)  -> (artifact id: '41c70e6ac50ceb01ff2030f4612908aa') in 0.008813 seconds
Number of updated asset objects reloaded before import = 0
Number of asset objects unloaded after import = 2
========================================================================
Received Import Request.
  Time since last request: 0.000016 seconds.
  path: Assets/Materials/Textures/Textures/Textures/Textures/panels.jpg
  artifactKey: Guid(ff85cd9505a48d24eb1d58cd2f41bf8d) Importer(815301076,1909f56bfc062723c751e8b465ee728b)
Start importing Assets/Materials/Textures/Textures/Textures/Textures/panels.jpg using Guid(ff85cd9505a48d24eb1d58cd2f41bf8d) Importer(815301076,1909f56bfc062723c751e8b465ee728b)  -> (artifact id: '8df0f376f0af071b4bfb71095a1eafc7') in 0.017052 seconds
Number of updated asset objects reloaded before import = 0
Number of asset objects unloaded after import = 2
========================================================================
Received Import Request.
  Time since last request: 0.000033 seconds.
  path: Assets/Materials/Textures/Textures/Textures/Textures/huecos-de-bala-scaled.jpg
  artifactKey: Guid(1fc19237b42f71d47af9ff0ad0e51af6) Importer(815301076,1909f56bfc062723c751e8b465ee728b)
Start importing Assets/Materials/Textures/Textures/Textures/Textures/huecos-de-bala-scaled.jpg using Guid(1fc19237b42f71d47af9ff0ad0e51af6) Importer(815301076,1909f56bfc062723c751e8b465ee728b)  -> (artifact id: '72b7d9f83e50475b2ba294d082f0efcd') in 0.015008 seconds
Number of updated asset objects reloaded before import = 0
Number of asset objects unloaded after import = 2
========================================================================
Received Import Request.
  Time since last request: 0.000018 seconds.
  path: Assets/Materials/Textures/Textures/Textures/Textures/muzzle-flash.png
  artifactKey: Guid(2721819e5f563654f99036a4b451847f) Importer(815301076,1909f56bfc062723c751e8b465ee728b)
Start importing Assets/Materials/Textures/Textures/Textures/Textures/muzzle-flash.png using Guid(2721819e5f563654f99036a4b451847f) Importer(815301076,1909f56bfc062723c751e8b465ee728b)  -> (artifact id: '859758716c56f7714a0996a3afbe1852') in 0.018801 seconds
Number of updated asset objects reloaded before import = 0
Number of asset objects unloaded after import = 3
========================================================================
Received Import Request.
  Time since last request: 17.361446 seconds.
  path: Assets/Materials/Materials/door.mat
  artifactKey: Guid(94f23c4ce667c064aa482862c4343cef) Importer(815301076,1909f56bfc062723c751e8b465ee728b)
Start importing Assets/Materials/Materials/door.mat using Guid(94f23c4ce667c064aa482862c4343cef) Importer(815301076,1909f56bfc062723c751e8b465ee728b)  -> (artifact id: '0d5e80edde6b1e8cea3f239f52cf8de6') in 0.010283 seconds
Number of updated asset objects reloaded before import = 0
Number of asset objects unloaded after import = 2
========================================================================
Received Import Request.
  Time since last request: 0.000017 seconds.
  path: Assets/Materials/Materials/shabby-damaged-white-brick-wall.mat
  artifactKey: Guid(0cc3ac26c88d5564e94d72c4e4a392aa) Importer(815301076,1909f56bfc062723c751e8b465ee728b)
Start importing Assets/Materials/Materials/shabby-damaged-white-brick-wall.mat using Guid(0cc3ac26c88d5564e94d72c4e4a392aa) Importer(815301076,1909f56bfc062723c751e8b465ee728b)  -> (artifact id: 'b0989865ff3f5e1874397b0204e51342') in 0.007232 seconds
Number of updated asset objects reloaded before import = 0
Number of asset objects unloaded after import = 2
Editor requested this worker to shutdown with reason: Scaling down because of idle timeout
TcpMessagingSession - receive error: operation aborted. errorcode: 995, details: ќпераци€ ввода/вывода была прервана из-за завершени€ потока команд или по запросу приложени€.
AssetImportWorker is now disconnected from the server
Process exiting
Exiting without the bug reporter. Application will terminate with return code 0